2023-10-16T12:22:19.185+05:30  INFO 8444 --- [restartedMain] c.m.onlineservice.SakthiApplication      : Starting SakthiApplication using Java 17.0.8 with PID 8444 (C:\Users\Welcome\Documents\OnlineServices\sakthi\target\classes started by Welcome in C:\Users\Welcome\Documents\OnlineServices)
2023-10-16T12:22:19.201+05:30  INFO 8444 --- [restartedMain] c.m.onlineservice.SakthiApplication      : No active profile set, falling back to 1 default profile: "default"
2023-10-16T12:22:20.454+05:30  INFO 8444 --- [restartedMain] .e.DevToolsPropertyDefaultsPostProcessor : Devtools property defaults active! Set 'spring.devtools.add-properties' to 'false' to disable
2023-10-16T12:22:20.454+05:30  INFO 8444 --- [restartedMain] .e.DevToolsPropertyDefaultsPostProcessor : For additional web related logging consider setting the 'logging.level.web' property to 'DEBUG'
2023-10-16T12:22:32.295+05:30  INFO 8444 --- [restartedMain] .s.d.r.c.RepositoryConfigurationDelegate : Bootstrapping Spring Data JPA repositories in DEFAULT mode.
2023-10-16T12:22:33.109+05:30  INFO 8444 --- [restartedMain] .s.d.r.c.RepositoryConfigurationDelegate : Finished Spring Data repository scanning in 646 ms. Found 5 JPA repository interfaces.
2023-10-16T12:22:39.613+05:30  INFO 8444 --- [restartedMain] o.s.b.w.embedded.tomcat.TomcatWebServer  : Tomcat initialized with port(s): 8080 (http)
2023-10-16T12:22:39.792+05:30  INFO 8444 --- [restartedMain] o.apache.catalina.core.StandardService   : Starting service [Tomcat]
2023-10-16T12:22:39.792+05:30  INFO 8444 --- [restartedMain] o.apache.catalina.core.StandardEngine    : Starting Servlet engine: [Apache Tomcat/10.1.13]
2023-10-16T12:22:40.530+05:30  INFO 8444 --- [restartedMain] o.a.c.c.C.[Tomcat].[localhost].[/]       : Initializing Spring embedded WebApplicationContext
2023-10-16T12:22:40.546+05:30  INFO 8444 --- [restartedMain] w.s.c.ServletWebServerApplicationContext : Root WebApplicationContext: initialization completed in 20092 ms
2023-10-16T12:22:41.880+05:30  INFO 8444 --- [restartedMain] o.hibernate.jpa.internal.util.LogHelper  : HHH000204: Processing PersistenceUnitInfo [name: default]
2023-10-16T12:22:42.979+05:30  INFO 8444 --- [restartedMain] org.hibernate.Version                    : HHH000412: Hibernate ORM core version 6.2.9.Final
2023-10-16T12:22:43.010+05:30  INFO 8444 --- [restartedMain] org.hibernate.cfg.Environment            : HHH000406: Using bytecode reflection optimizer
2023-10-16T12:22:44.711+05:30  INFO 8444 --- [restartedMain] o.h.b.i.BytecodeProviderInitiator        : HHH000021: Bytecode provider name : bytebuddy
2023-10-16T12:22:45.707+05:30  INFO 8444 --- [restartedMain] o.s.o.j.p.SpringPersistenceUnitInfo      : No LoadTimeWeaver setup: ignoring JPA class transformer
2023-10-16T12:22:45.887+05:30  INFO 8444 --- [restartedMain] com.zaxxer.hikari.HikariDataSource       : HikariPool-1 - Starting...
2023-10-16T12:22:50.648+05:30  INFO 8444 --- [restartedMain] com.zaxxer.hikari.pool.HikariPool        : HikariPool-1 - Added connection com.mysql.cj.jdbc.ConnectionImpl@2f02b63c
2023-10-16T12:22:50.663+05:30  INFO 8444 --- [restartedMain] com.zaxxer.hikari.HikariDataSource       : HikariPool-1 - Start completed.
2023-10-16T12:22:52.470+05:30  WARN 8444 --- [restartedMain] org.hibernate.orm.deprecation            : HHH90000026: MySQL8Dialect has been deprecated; use org.hibernate.dialect.MySQLDialect instead
2023-10-16T12:22:54.744+05:30  INFO 8444 --- [restartedMain] o.h.b.i.BytecodeProviderInitiator        : HHH000021: Bytecode provider name : bytebuddy
2023-10-16T12:22:59.404+05:30  INFO 8444 --- [restartedMain] o.h.e.t.j.p.i.JtaPlatformInitiator       : HHH000490: Using JtaPlatform implementation: [org.hibernate.engine.transaction.jta.platform.internal.NoJtaPlatform]
2023-10-16T12:23:04.013+05:30  INFO 8444 --- [restartedMain] j.LocalContainerEntityManagerFactoryBean : Initialized JPA EntityManagerFactory for persistence unit 'default'
2023-10-16T12:23:11.624+05:30  WARN 8444 --- [restartedMain] JpaBaseConfiguration$JpaWebConfiguration : spring.jpa.open-in-view is enabled by default. Therefore, database queries may be performed during view rendering. Explicitly configure spring.jpa.open-in-view to disable this warning
2023-10-16T12:23:17.458+05:30  INFO 8444 --- [restartedMain] o.s.s.web.DefaultSecurityFilterChain     : Will secure any request with [org.springframework.security.web.session.DisableEncodeUrlFilter@6516d08b, org.springframework.security.web.context.request.async.WebAsyncManagerIntegrationFilter@15f55f48, org.springframework.security.web.context.SecurityContextHolderFilter@78551845, org.springframework.security.web.header.HeaderWriterFilter@55a388ae, org.springframework.web.filter.CorsFilter@1abddd09, org.springframework.security.web.authentication.logout.LogoutFilter@2cf77860, com.minduints.onlineservice.config.JwtAuthenticationFilter@7a491837, org.springframework.security.web.savedrequest.RequestCacheAwareFilter@53f5e0b6, org.springframework.security.web.servletapi.SecurityContextHolderAwareRequestFilter@994b748, org.springframework.security.web.authentication.AnonymousAuthenticationFilter@a197d1c, org.springframework.security.web.session.SessionManagementFilter@d40bde1, org.springframework.security.web.access.ExceptionTranslationFilter@66f26949, org.springframework.security.web.access.intercept.AuthorizationFilter@74509871]
2023-10-16T12:23:24.298+05:30  INFO 8444 --- [restartedMain] o.s.b.d.a.OptionalLiveReloadServer       : LiveReload server is running on port 35729
2023-10-16T12:23:27.969+05:30  INFO 8444 --- [restartedMain] o.s.b.w.embedded.tomcat.TomcatWebServer  : Tomcat started on port(s): 8080 (http) with context path ''
2023-10-16T12:23:28.077+05:30  INFO 8444 --- [restartedMain] c.m.onlineservice.SakthiApplication      : Started SakthiApplication in 72.854 seconds (process running for 83.423)
